make: Entering directory '/home/ronny/src/AIC8800-Linux-Driver/drivers/aic8800'
make -C /lib/modules/6.19.12-1-cachyos/build M=/home/ronny/src/AIC8800-Linux-Driver/drivers/aic8800 ARCH=x86_64 CROSS_COMPILE= modules
make[1]: Entering directory '/usr/lib/modules/6.19.12-1-cachyos/build'
make[2]: Entering directory '/home/ronny/src/AIC8800-Linux-Driver/drivers/aic8800'
  CC [M]  aic_load_fw/aic_bluetooth_main.o
  CC [M]  aic_load_fw/aicbluetooth.o
  CC [M]  aic8800_fdrv/rwnx_wakelock.o
  CC [M]  aic8800_fdrv/rwnx_msg_tx.o
  CC [M]  aic_load_fw/aicwf_usb.o
  CC [M]  aic_load_fw/aic_txrxif.o
  CC [M]  aic8800_fdrv/rwnx_msg_rx.o
  CC [M]  aic_load_fw/aic_compat_8800d80x2.o
  CC [M]  aic_load_fw/aicbluetooth_cmds.o
  CC [M]  aic_load_fw/aic_compat_8800d80.o
  CC [M]  aic8800_fdrv/rwnx_utils.o
  CC [M]  aic_load_fw/md5.o
  CC [M]  aic_load_fw/aicwf_rx_prealloc.o
  CC [M]  aic8800_fdrv/rwnx_cmds.o
  CC [M]  aic_load_fw/aicwf_txq_prealloc.o
  CC [M]  aic8800_fdrv/rwnx_irqs.o
  CC [M]  aic8800_fdrv/rwnx_cfgfile.o
  CC [M]  aic8800_fdrv/rwnx_strs.o
  CC [M]  aic8800_fdrv/rwnx_rx.o
  CC [M]  aic8800_fdrv/rwnx_tx.o
  CC [M]  aic8800_fdrv/rwnx_txq.o
  CC [M]  aic8800_fdrv/rwnx_main.o
  CC [M]  aic8800_fdrv/rwnx_mod_params.o
  CC [M]  aic8800_fdrv/rwnx_mesh.o
  CC [M]  aic8800_fdrv/rwnx_platform.o
  CC [M]  aic8800_fdrv/rwnx_pci.o
  LD [M]  aic_load_fw/aic_load_fw.o
  CC [M]  aic8800_fdrv/rwnx_dini.o
  CC [M]  aic8800_fdrv/rwnx_v7.o
  CC [M]  aic8800_fdrv/ipc_host.o
  CC [M]  aic8800_fdrv/rwnx_tdls.o
  CC [M]  aic8800_fdrv/regdb.o
  CC [M]  aic8800_fdrv/md5.o
  CC [M]  aic8800_fdrv/aic_vendor.o
  CC [M]  aic8800_fdrv/aic_priv_cmd.o
  CC [M]  aic8800_fdrv/aicwf_compat_8800dc.o
  CC [M]  aic8800_fdrv/aicwf_compat_8800d80.o
  CC [M]  aic8800_fdrv/aicwf_compat_8800d80x2.o
  CC [M]  aic8800_fdrv/rwnx_radar.o
  CC [M]  aic8800_fdrv/aicwf_tcp_ack.o
  CC [M]  aic8800_fdrv/usb_host.o
  CC [M]  aic8800_fdrv/aicwf_txrxif.o
  CC [M]  aic8800_fdrv/aicwf_usb.o
  CC [M]  aic8800_fdrv/aicwf_wext_linux.o
  LD [M]  aic8800_fdrv/aic8800_fdrv.o
  MODPOST Module.symvers
  CC [M]  aic_load_fw/aic_load_fw.mod.o
  CC [M]  .module-common.o
  CC [M]  aic8800_fdrv/aic8800_fdrv.mod.o
  LD [M]  aic8800_fdrv/aic8800_fdrv.ko
  LD [M]  aic_load_fw/aic_load_fw.ko
  BTF [M] aic_load_fw/aic_load_fw.ko
  BTF [M] aic8800_fdrv/aic8800_fdrv.ko
make[2]: Leaving directory '/home/ronny/src/AIC8800-Linux-Driver/drivers/aic8800'
make[1]: Leaving directory '/usr/lib/modules/6.19.12-1-cachyos/build'
make: Leaving directory '/home/ronny/src/AIC8800-Linux-Driver/drivers/aic8800'
